Arguments: 
  /home/tima/.nvm/versions/node/v8.9.3/bin/node /usr/share/yarn/bin/yarn.js remove next

PATH: 
  /home/tima/.yarn/bin:/home/tima/bin:/home/tima/.local/bin:/home/tima/.yarn/bin:/home/tima/.nvm/versions/node/v8.9.3/bin:/home/tima/bin:/home/tima/.local/bin:/usr/local/sbin:/usr/local/bin:/usr/sbin:/usr/bin:/sbin:/bin:/usr/games:/usr/local/games:/snap/bin

Yarn version: 
  1.5.1

Node version: 
  8.9.3

Platform: 
  linux x64

npm manifest: 
  {
    "name": "3-end",
    "version": "0.0.1",
    "license": "MIT",
    "scripts": {
      "build": "next build",
      "start": "next start",
      "dev": "nodemon server/app.js --watch server --exec babel-node",
      "lint": "eslint components pages lib server"
    },
    "dependencies": {
      "babel-cli": "^6.26.0",
      "connect-mongo": "^2.0.1",
      "dotenv": "^4.0.0",
      "express": "^4.16.2",
      "express-session": "^1.15.6",
      "googleapis": "^24.0.0",
      "lodash": "^4.17.4",
      "material-ui": "^1.0.0-beta.32",
      "material-ui-icons": "^1.0.0-alpha.19",
      "mongoose": "^5.0.0-rc0",
      "next": "^4.3.0-canary.1",
      "nprogress": "^0.2.0",
      "passport": "^0.4.0",
      "passport-google-oauth": "^1.0.0",
      "prop-types": "^15.6.0",
      "react": "^16.2.0",
      "react-dom": "^16.2.0",
      "react-jss": "^8.2.1"
    },
    "devDependencies": {
      "babel-eslint": "^8.2.1",
      "babel-plugin-transform-define": "^1.3.0",
      "babel-preset-env": "^1.6.1",
      "eslint": "^4.15.0",
      "eslint-config-airbnb": "^16.1.0",
      "eslint-plugin-import": "^2.8.0",
      "eslint-plugin-jsx-a11y": "^6.0.3",
      "eslint-plugin-react": "^7.5.1",
      "nodemon": "^1.14.11"
    }
  }

yarn manifest: 
  No manifest

Lockfile: 
  No lockfile

Trace: 
  Error: No lockfile in this directory. Run `yarn install` to generate one.
      at new MessageError (/usr/share/yarn/lib/cli.js:186:110)
      at /usr/share/yarn/lib/cli.js:89389:13
      at <anonymous>
